app/build/intermediates/manifest_merge_blame_file/debug/manifest-merger-blame-debug-report.txt
1<?xml version="1.0" encoding="utf-8"?>
2<manifest xmlns:android="http://schemas.android.com/apk/res/android"
3    package="com.Innospectra.ISCScanNano"
4    android:versionCode="4"
5    android:versionName="2.14" >
6
7    <uses-sdk
8        android:minSdkVersion="21"
8-->src\main\AndroidManifest.xml
9        android:targetSdkVersion="28" />
9-->src\main\AndroidManifest.xml
10
11    <uses-permission android:name="android.permission.BLUETOOTH" />
11-->src\main\AndroidManifest.xml:6:5-68
11-->src\main\AndroidManifest.xml:6:22-65
12    <uses-permission android:name="android.permission.BLUETOOTH_ADMIN" />
12-->src\main\AndroidManifest.xml:7:5-74
12-->src\main\AndroidManifest.xml:7:22-71
13    <uses-permission android:name="android.permission.INTERNET" />
13-->src\main\AndroidManifest.xml:8:5-67
13-->src\main\AndroidManifest.xml:8:22-64
14    <uses-permission android:name="android.permission.WRITE_EXTERNAL_STORAGE" />
14-->src\main\AndroidManifest.xml:9:5-81
14-->src\main\AndroidManifest.xml:9:22-78
15    <uses-permission android:name="android.permission.READ_EXTERNAL_STORAGE" />
15-->src\main\AndroidManifest.xml:10:5-80
15-->src\main\AndroidManifest.xml:10:22-77
16    <uses-permission android:name="android.permission.ACCESS_COARSE_LOCATION" />
16-->src\main\AndroidManifest.xml:11:5-81
16-->src\main\AndroidManifest.xml:11:22-78
17    <uses-permission android:name="android.permission.ACCESS_FINE_LOCATION" />
17-->src\main\AndroidManifest.xml:12:5-79
17-->src\main\AndroidManifest.xml:12:22-76
18
19    <uses-feature
19-->src\main\AndroidManifest.xml:14:5-16:35
20        android:name="android.hardware.bluetooth_le"
20-->src\main\AndroidManifest.xml:15:9-53
21        android:required="true" />
21-->src\main\AndroidManifest.xml:16:9-32
22
23    <application
23-->src\main\AndroidManifest.xml:18:5-90:19
24        android:allowBackup="true"
24-->src\main\AndroidManifest.xml:19:9-35
25        android:appComponentFactory="android.support.v4.app.CoreComponentFactory"
25-->[com.android.support:support-compat:28.0.0] AndroidManifest.xml:22:18-91
26        android:debuggable="true"
27        android:icon="@mipmap/icon_isc_logo"
27-->src\main\AndroidManifest.xml:20:9-45
28        android:label="@string/app_name"
28-->src\main\AndroidManifest.xml:21:9-41
29        android:theme="@style/AppTheme"
29-->src\main\AndroidManifest.xml:22:9-40
30        android:usesCleartextTraffic="true" >
30-->src\main\AndroidManifest.xml:23:9-44
31        <activity android:name="com.Innospectra.NanoScan.SendMessageViewActivity" />
31-->src\main\AndroidManifest.xml:25:9-70
31-->src\main\AndroidManifest.xml:25:19-58
32        <activity
32-->src\main\AndroidManifest.xml:26:9-35:20
33            android:name="com.Innospectra.NanoScan.HomeViewActivity"
33-->src\main\AndroidManifest.xml:27:13-45
34            android:label="@string/app_name"
34-->src\main\AndroidManifest.xml:28:13-45
35            android:screenOrientation="portrait" >
35-->src\main\AndroidManifest.xml:29:13-49
36            <intent-filter>
36-->src\main\AndroidManifest.xml:30:13-34:29
37                <action android:name="android.intent.action.MAIN" />
37-->src\main\AndroidManifest.xml:31:17-69
37-->src\main\AndroidManifest.xml:31:25-66
38
39                <category android:name="android.intent.category.LAUNCHER" />
39-->src\main\AndroidManifest.xml:33:17-77
39-->src\main\AndroidManifest.xml:33:27-74
40            </intent-filter>
41        </activity>
42        <activity
42-->src\main\AndroidManifest.xml:36:9-40:47
43            android:name="com.Innospectra.NanoScan.InformationViewActivity"
43-->src\main\AndroidManifest.xml:37:13-52
44            android:label="@string/title_activity_info"
44-->src\main\AndroidManifest.xml:38:13-56
45            android:screenOrientation="portrait"
45-->src\main\AndroidManifest.xml:39:13-49
46            android:theme="@style/AppTheme" />
46-->src\main\AndroidManifest.xml:40:13-44
47        <activity
47-->src\main\AndroidManifest.xml:41:9-45:47
48            android:name="com.Innospectra.NanoScan.SettingsViewActivity"
48-->src\main\AndroidManifest.xml:42:13-49
49            android:label="@string/title_activity_settings"
49-->src\main\AndroidManifest.xml:43:13-60
50            android:screenOrientation="portrait"
50-->src\main\AndroidManifest.xml:44:13-49
51            android:theme="@style/AppTheme" />
51-->src\main\AndroidManifest.xml:45:13-44
52        <activity
52-->src\main\AndroidManifest.xml:46:9-49:55
53            android:name="com.Innospectra.NanoScan.ScanViewActivity"
53-->src\main\AndroidManifest.xml:47:13-45
54            android:screenOrientation="portrait"
54-->src\main\AndroidManifest.xml:48:13-49
55            android:windowSoftInputMode="adjustPan" />
55-->src\main\AndroidManifest.xml:49:13-52
56        <activity
56-->src\main\AndroidManifest.xml:50:9-52:52
57            android:name="com.Innospectra.NanoScan.ConfigureViewActivity"
57-->src\main\AndroidManifest.xml:51:13-50
58            android:screenOrientation="portrait" />
58-->src\main\AndroidManifest.xml:52:13-49
59        <activity
59-->src\main\AndroidManifest.xml:53:9-55:52
60            android:name="com.Innospectra.NanoScan.DeviceInfoViewActivity"
60-->src\main\AndroidManifest.xml:54:13-51
61            android:screenOrientation="portrait" />
61-->src\main\AndroidManifest.xml:55:13-49
62        <activity
62-->src\main\AndroidManifest.xml:56:9-58:52
63            android:name="com.Innospectra.NanoScan.DeviceStatusViewActivity"
63-->src\main\AndroidManifest.xml:57:13-53
64            android:screenOrientation="portrait" />
64-->src\main\AndroidManifest.xml:58:13-49
65        <activity
65-->src\main\AndroidManifest.xml:59:9-61:52
66            android:name="com.Innospectra.NanoScan.ScanConfigurationsViewActivity"
66-->src\main\AndroidManifest.xml:60:13-59
67            android:screenOrientation="portrait" />
67-->src\main\AndroidManifest.xml:61:13-49
68        <activity
68-->src\main\AndroidManifest.xml:62:9-64:52
69            android:name="com.Innospectra.NanoScan.SelectDeviceViewActivity"
69-->src\main\AndroidManifest.xml:63:13-53
70            android:screenOrientation="portrait" />
70-->src\main\AndroidManifest.xml:64:13-49
71        <activity
71-->src\main\AndroidManifest.xml:65:9-68:55
72            android:name="com.Innospectra.NanoScan.AddScanConfigViewActivity"
72-->src\main\AndroidManifest.xml:66:13-54
73            android:screenOrientation="portrait"
73-->src\main\AndroidManifest.xml:67:13-49
74            android:windowSoftInputMode="adjustPan" />
74-->src\main\AndroidManifest.xml:68:13-52
75        <activity
75-->src\main\AndroidManifest.xml:69:9-71:52
76            android:name="com.Innospectra.NanoScan.ActiveConfigDetailViewActivity"
76-->src\main\AndroidManifest.xml:70:13-59
77            android:screenOrientation="portrait" />
77-->src\main\AndroidManifest.xml:71:13-49
78        <activity
78-->src\main\AndroidManifest.xml:72:9-76:47
79            android:name="com.Innospectra.NanoScan.LicenseViewActivity"
79-->src\main\AndroidManifest.xml:73:13-48
80            android:label="@string/license"
80-->src\main\AndroidManifest.xml:74:13-44
81            android:screenOrientation="portrait"
81-->src\main\AndroidManifest.xml:75:13-49
82            android:theme="@style/AppTheme" />
82-->src\main\AndroidManifest.xml:76:13-44
83        <activity
83-->src\main\AndroidManifest.xml:77:9-80:52
84            android:name="com.Innospectra.NanoScan.ActivationViewActivity"
84-->src\main\AndroidManifest.xml:78:13-51
85            android:label="@string/activation"
85-->src\main\AndroidManifest.xml:79:13-47
86            android:screenOrientation="portrait" />
86-->src\main\AndroidManifest.xml:80:13-49
87        <activity
87-->src\main\AndroidManifest.xml:81:9-83:52
88            android:name="com.Innospectra.NanoScan.AdvanceDeviceStatusViewActivity"
88-->src\main\AndroidManifest.xml:82:13-60
89            android:screenOrientation="portrait" />
89-->src\main\AndroidManifest.xml:83:13-49
90        <activity
90-->src\main\AndroidManifest.xml:84:9-86:52
91            android:name="com.Innospectra.NanoScan.ErrorStatusViewActivity"
91-->src\main\AndroidManifest.xml:85:13-52
92            android:screenOrientation="portrait" />
92-->src\main\AndroidManifest.xml:86:13-49
93        <activity
93-->src\main\AndroidManifest.xml:87:9-89:52
94            android:name="com.Innospectra.NanoScan.AdvanceErrorStatusViewActivity"
94-->src\main\AndroidManifest.xml:88:13-59
95            android:screenOrientation="portrait" />
95-->src\main\AndroidManifest.xml:89:13-49
96
97        <service
97-->[:ISCSDK-release:] AndroidManifest.xml:15:9-18:39
98            android:name="com.ISCSDK.ISCNIRScanSDK"
98-->[:ISCSDK-release:] AndroidManifest.xml:16:13-52
99            android:enabled="true"
99-->[:ISCSDK-release:] AndroidManifest.xml:17:13-35
100            android:exported="true" />
100-->[:ISCSDK-release:] AndroidManifest.xml:18:13-36
101    </application>
102
103</manifest>